<?xml version="1.0" encoding="UTF-8"?>
<!-- Generated by org.testng.reporters.JUnitReportReporter -->
<testsuite hostname="DESKTOP-JMKPFCS" failures="0" tests="1" name="testCases.TC_002_Login_Test" time="6.310" errors="0" timestamp="2024-02-19T13:56:44 IST" skipped="0">
  <testcase classname="testCases.TC_002_Login_Test" name="Login_Test" time="6.310"/>
</testsuite> <!-- testCases.TC_002_Login_Test -->
