<?xml version="1.0" encoding="UTF-8"?>
<!-- Generated by org.testng.reporters.JUnitReportReporter -->
<testsuite hostname="DESKTOP-JMKPFCS" failures="0" tests="5" name="testCases.TC_003_LoginDDT" time="76.472" errors="0" timestamp="2024-02-12T18:36:44 IST" skipped="0">
  <testcase classname="testCases.TC_003_LoginDDT" name="Verify_login" time="21.536"/>
  <testcase classname="testCases.TC_003_LoginDDT" name="Verify_login" time="7.283"/>
  <testcase classname="testCases.TC_003_LoginDDT" name="Verify_login" time="22.449"/>
  <testcase classname="testCases.TC_003_LoginDDT" name="Verify_login" time="21.771"/>
  <testcase classname="testCases.TC_003_LoginDDT" name="Verify_login" time="3.433"/>
</testsuite> <!-- testCases.TC_003_LoginDDT -->
