<?xml version="1.0" encoding="UTF-8"?>
<!-- Generated by org.testng.reporters.JUnitReportReporter -->
<testsuite hostname="DESKTOP-JMKPFCS" failures="0" tests="1" name="testCases.TC_001_Account_Registration_Test" time="13.786" errors="0" timestamp="2024-02-13T14:37:53 IST" skipped="0">
  <testcase classname="testCases.TC_001_Account_Registration_Test" name="Verify_account_Registration" time="13.786"/>
</testsuite> <!-- testCases.TC_001_Account_Registration_Test -->
