<?xml version="1.0" encoding="UTF-8"?>
<!-- Generated by org.testng.reporters.JUnitReportReporter -->
<testsuite hostname="DESKTOP-JMKPFCS" failures="0" tests="1" name="testCases.TC_002_Login_Test" time="11.326" errors="0" timestamp="2024-02-14T12:35:13 IST" skipped="0">
  <testcase classname="testCases.TC_002_Login_Test" name="Login_Test" time="11.326"/>
</testsuite> <!-- testCases.TC_002_Login_Test -->
