<?xml version="1.0" encoding="UTF-8"?>
<!-- Generated by org.testng.reporters.JUnitReportReporter -->
<testsuite hostname="DESKTOP-JMKPFCS" failures="0" tests="1" name="testCases.TC_002_Login_Test" time="6.519" errors="0" timestamp="2024-02-22T14:05:22 IST" skipped="0">
  <testcase classname="testCases.TC_002_Login_Test" name="Login_Test" time="6.519"/>
</testsuite> <!-- testCases.TC_002_Login_Test -->
