<?xml version="1.0" encoding="UTF-8"?>
<!-- Generated by org.testng.reporters.JUnitReportReporter -->
<testsuite hostname="DESKTOP-JMKPFCS" failures="0" tests="1" name="testCases.TC_001_Account_Registration_Test" time="14.257" errors="0" timestamp="2024-02-22T14:05:22 IST" skipped="0">
  <testcase classname="testCases.TC_001_Account_Registration_Test" name="Verify_account_Registration" time="14.257"/>
</testsuite> <!-- testCases.TC_001_Account_Registration_Test -->
